Bilan abis-logs-ingestor
========================

Fichier d'entrée : C:\Users\Abdoul\OneDrive\Desktop\demo\projets\abis_logs_ingestor\storage\inputs\auditlog_brs3.log
Fichier JSON     : C:\Users\Abdoul\OneDrive\Desktop\demo\projets\abis_logs_ingestor\storage\json_data\auditlog_brs3.json

Total lignes lues : 7547
Événements parsés : 3752
Lignes en échec   : 0

Premières erreurs :
- Ligne 1: JSONDecodeError - Expecting ',' delimiter: line 1 column 424 (char 423)
- Ligne 2: JSONDecodeError - Expecting ',' delimiter: line 1 column 384 (char 383)
- Ligne 3: JSONDecodeError - Expecting ',' delimiter: line 1 column 419 (char 418)
- Ligne 4: JSONDecodeError - Expecting ',' delimiter: line 1 column 326 (char 325)
- Ligne 6: JSONDecodeError - Expecting ',' delimiter: line 1 column 423 (char 422)
- Ligne 7: JSONDecodeError - Expecting ',' delimiter: line 1 column 384 (char 383)
- Ligne 8: JSONDecodeError - Expecting ',' delimiter: line 1 column 419 (char 418)
- Ligne 9: JSONDecodeError - Expecting ',' delimiter: line 1 column 326 (char 325)
- Ligne 24: JSONDecodeError - Expecting ',' delimiter: line 1 column 360 (char 359)
- Ligne 25: JSONDecodeError - Expecting ',' delimiter: line 1 column 536 (char 535)
- Ligne 26: JSONDecodeError - Expecting ',' delimiter: line 1 column 408 (char 407)
- Ligne 28: JSONDecodeError - Expecting ',' delimiter: line 1 column 423 (char 422)
- Ligne 29: JSONDecodeError - Expecting ',' delimiter: line 1 column 384 (char 383)
- Ligne 30: JSONDecodeError - Expecting ',' delimiter: line 1 column 419 (char 418)
- Ligne 31: JSONDecodeError - Expecting ',' delimiter: line 1 column 326 (char 325)
- Ligne 46: JSONDecodeError - Expecting ',' delimiter: line 1 column 360 (char 359)
- Ligne 47: JSONDecodeError - Expecting ',' delimiter: line 1 column 536 (char 535)
- Ligne 48: JSONDecodeError - Expecting ',' delimiter: line 1 column 408 (char 407)
- Ligne 50: JSONDecodeError - Expecting ',' delimiter: line 1 column 423 (char 422)
- Ligne 51: JSONDecodeError - Expecting ',' delimiter: line 1 column 384 (char 383)