Bilan abis-logs-ingestor
========================

Fichier d'entrée : C:\Users\Abdoul\OneDrive\Desktop\demo\projets\abis_logs_ingestor\storage\inputs\processing_data\auditlog-2025-11-10_13.0.log
Fichier JSON     : C:\Users\Abdoul\OneDrive\Desktop\demo\projets\abis_logs_ingestor\storage\json_data\auditlog-2025-11-10_13.0.json

Total lignes lues : 78
Événements parsés : 52
Lignes en échec   : 0

Premières erreurs :
- Ligne 1: JSONDecodeError - Expecting ',' delimiter: line 1 column 330 (char 329)
- Ligne 2: JSONDecodeError - Expecting ',' delimiter: line 1 column 963 (char 962)
- Ligne 3: JSONDecodeError - Expecting ',' delimiter: line 1 column 330 (char 329)
- Ligne 4: JSONDecodeError - Expecting ',' delimiter: line 1 column 962 (char 961)
- Ligne 5: JSONDecodeError - Expecting ',' delimiter: line 1 column 330 (char 329)
- Ligne 6: JSONDecodeError - Expecting ',' delimiter: line 1 column 929 (char 928)
- Ligne 7: JSONDecodeError - Expecting ',' delimiter: line 1 column 330 (char 329)
- Ligne 8: JSONDecodeError - Expecting ',' delimiter: line 1 column 962 (char 961)
- Ligne 9: JSONDecodeError - Expecting ',' delimiter: line 1 column 330 (char 329)
- Ligne 10: JSONDecodeError - Expecting ',' delimiter: line 1 column 962 (char 961)
- Ligne 19: JSONDecodeError - Expecting ',' delimiter: line 1 column 358 (char 357)
- Ligne 20: JSONDecodeError - Expecting ',' delimiter: line 1 column 534 (char 533)
- Ligne 21: JSONDecodeError - Expecting ',' delimiter: line 1 column 406 (char 405)
- Ligne 22: JSONDecodeError - Expecting ',' delimiter: line 1 column 913 (char 912)
- Ligne 23: JSONDecodeError - Expecting ',' delimiter: line 1 column 427 (char 426)
- Ligne 24: JSONDecodeError - Expecting ',' delimiter: line 1 column 721 (char 720)
- Ligne 25: JSONDecodeError - Expecting ',' delimiter: line 1 column 439 (char 438)
- Ligne 26: JSONDecodeError - Expecting ',' delimiter: line 1 column 859 (char 858)
- Ligne 27: JSONDecodeError - Expecting ',' delimiter: line 1 column 401 (char 400)
- Ligne 28: JSONDecodeError - Expecting ',' delimiter: line 1 column 731 (char 730)